<?xml version="1.0" encoding="UTF-8"?>
<testng-results ignored="0" total="1" passed="1" failed="0" skipped="0">
  <reporter-output>
  </reporter-output>
  <suite started-at="2020-01-23T19:45:02 EST" name="Gradle suite" finished-at="2020-01-23T19:45:09 EST" duration-ms="6428">
    <groups>
    </groups>
    <test started-at="2020-01-23T19:45:02 EST" name="Gradle test" finished-at="2020-01-23T19:45:09 EST" duration-ms="6428">
      <class name="GoogleTest">
        <test-method is-config="true" signature="testSetup()[pri:0, instance:GoogleTest@67e49d71]" started-at="2020-01-23T19:45:02 EST" name="testSetup" finished-at="2020-01-23T19:45:08 EST" duration-ms="5289" status="PASS">
          <reporter-output>
          </reporter-output>
        </test-method> <!-- testSetup -->
        <test-method signature="verifyGoogleSearchLogo()[pri:0, instance:GoogleTest@67e49d71]" started-at="2020-01-23T19:45:08 EST" name="verifyGoogleSearchLogo" finished-at="2020-01-23T19:45:08 EST" duration-ms="72" status="PASS">
          <reporter-output>
          </reporter-output>
        </test-method> <!-- verifyGoogleSearchLogo -->
        <test-method is-config="true" signature="testAway()[pri:0, instance:GoogleTest@67e49d71]" started-at="2020-01-23T19:45:08 EST" name="testAway" finished-at="2020-01-23T19:45:09 EST" duration-ms="1037" status="PASS">
          <reporter-output>
          </reporter-output>
        </test-method> <!-- testAway -->
      </class> <!-- GoogleTest -->
    </test> <!-- Gradle test -->
  </suite> <!-- Gradle suite -->
</testng-results>
